lib/android/build/intermediates/manifest_merge_blame_file/debug/manifest-merger-blame-debug-report.txt
1<?xml version="1.0" encoding="utf-8"?>
2<manifest xmlns:android="http://schemas.android.com/apk/res/android"
3    package="cn.qiuxiang.react.geolocation" >
4
5    <uses-sdk
6        android:minSdkVersion="21"
6-->src/main/AndroidManifest.xml
7        android:targetSdkVersion="28" />
7-->src/main/AndroidManifest.xml
8
9    <uses-permission android:name="android.permission.ACCESS_COARSE_LOCATION" />
9-->src/main/AndroidManifest.xml:4:5-81
9-->src/main/AndroidManifest.xml:4:22-78
10    <uses-permission android:name="android.permission.ACCESS_FINE_LOCATION" />
10-->src/main/AndroidManifest.xml:5:5-79
10-->src/main/AndroidManifest.xml:5:22-76
11    <uses-permission android:name="android.permission.ACCESS_NETWORK_STATE" />
11-->src/main/AndroidManifest.xml:6:5-79
11-->src/main/AndroidManifest.xml:6:22-76
12    <uses-permission android:name="android.permission.ACCESS_WIFI_STATE" />
12-->src/main/AndroidManifest.xml:7:5-76
12-->src/main/AndroidManifest.xml:7:22-73
13    <uses-permission android:name="android.permission.CHANGE_WIFI_STATE" />
13-->src/main/AndroidManifest.xml:8:5-76
13-->src/main/AndroidManifest.xml:8:22-73
14    <uses-permission android:name="android.permission.INTERNET" />
14-->src/main/AndroidManifest.xml:9:5-67
14-->src/main/AndroidManifest.xml:9:22-64
15    <uses-permission android:name="android.permission.READ_PHONE_STATE" />
15-->src/main/AndroidManifest.xml:10:5-75
15-->src/main/AndroidManifest.xml:10:22-72
16    <uses-permission android:name="android.permission.WRITE_EXTERNAL_STORAGE" />
16-->src/main/AndroidManifest.xml:11:5-81
16-->src/main/AndroidManifest.xml:11:22-78
17    <uses-permission android:name="android.permission.ACCESS_LOCATION_EXTRA_COMMANDS" />
17-->src/main/AndroidManifest.xml:12:5-89
17-->src/main/AndroidManifest.xml:12:22-86
18    <uses-permission android:name="android.permission.BLUETOOTH" />
18-->src/main/AndroidManifest.xml:13:5-68
18-->src/main/AndroidManifest.xml:13:22-65
19    <uses-permission android:name="android.permission.BLUETOOTH_ADMIN" />
19-->src/main/AndroidManifest.xml:14:5-74
19-->src/main/AndroidManifest.xml:14:22-71
20
21    <application>
21-->src/main/AndroidManifest.xml:16:5-18:19
22        <service android:name="com.amap.api.location.APSService" />
22-->src/main/AndroidManifest.xml:17:9-68
22-->src/main/AndroidManifest.xml:17:18-65
23    </application>
24
25</manifest>